[debug] [2023-06-22T15:05:03.842Z] ----------------------------------------------------------------------
[debug] [2023-06-22T15:05:03.848Z] Command:       C:\Program Files\nodejs\node.exe C:\Users\Khumalo\AppData\Roaming\npm\node_modules\firebase-tools\lib\bin\firebase.js deploy
[debug] [2023-06-22T15:05:03.850Z] CLI Version:   12.4.0
[debug] [2023-06-22T15:05:03.851Z] Platform:      win32
[debug] [2023-06-22T15:05:03.852Z] Node Version:  v18.12.1
[debug] [2023-06-22T15:05:03.855Z] Time:          Thu Jun 22 2023 17:05:03 GMT+0200 (South Africa Standard Time)
[debug] [2023-06-22T15:05:03.855Z] ----------------------------------------------------------------------
[debug] 
[debug] [2023-06-22T15:05:04.233Z] > command requires scopes: ["email","openid","https://www.googleapis.com/auth/cloudplatformprojects.readonly","https://www.googleapis.com/auth/firebase","https://www.googleapis.com/auth/cloud-platform"]
[debug] [2023-06-22T15:05:04.235Z] > authorizing via signed-in user (thabo.radebe.thabo@gmail.com)
[debug] [2023-06-22T15:05:04.236Z] [iam] checking project church-e98c4 for permissions ["firebase.projects.get","firebasehosting.sites.update"]
[debug] [2023-06-22T15:05:04.245Z] >>> [apiv2][query] POST https://cloudresourcemanager.googleapis.com/v1/projects/church-e98c4:testIamPermissions [none]
[debug] [2023-06-22T15:05:04.246Z] >>> [apiv2][(partial)header] POST https://cloudresourcemanager.googleapis.com/v1/projects/church-e98c4:testIamPermissions x-goog-quota-user=projects/church-e98c4
[debug] [2023-06-22T15:05:04.247Z] >>> [apiv2][body] POST https://cloudresourcemanager.googleapis.com/v1/projects/church-e98c4:testIamPermissions {"permissions":["firebase.projects.get","firebasehosting.sites.update"]}
[debug] [2023-06-22T15:05:06.850Z] <<< [apiv2][status] POST https://cloudresourcemanager.googleapis.com/v1/projects/church-e98c4:testIamPermissions 200
[debug] [2023-06-22T15:05:06.851Z] <<< [apiv2][body] POST https://cloudresourcemanager.googleapis.com/v1/projects/church-e98c4:testIamPermissions {"permissions":["firebase.projects.get","firebasehosting.sites.update"]}
[debug] [2023-06-22T15:05:06.856Z] >>> [apiv2][query] GET https://firebase.googleapis.com/v1beta1/projects/church-e98c4 [none]
[debug] [2023-06-22T15:05:07.792Z] <<< [apiv2][status] GET https://firebase.googleapis.com/v1beta1/projects/church-e98c4 200
[debug] [2023-06-22T15:05:07.792Z] <<< [apiv2][body] GET https://firebase.googleapis.com/v1beta1/projects/church-e98c4 {"projectId":"church-e98c4","projectNumber":"671058706281","displayName":"church","name":"projects/church-e98c4","resources":{"hostingSite":"church-e98c4","realtimeDatabaseInstance":"church-e98c4-default-rtdb"},"state":"ACTIVE","etag":"1_42df6f23-11c2-4b2c-8d4f-cc47a85a2d1b"}
[info] 
[info] === Deploying to 'church-e98c4'...
[info] 
[info] i  deploying hosting 
[debug] [2023-06-22T15:05:07.843Z] >>> [apiv2][query] POST https://firebasehosting.googleapis.com/v1beta1/projects/-/sites/church-e98c4/versions [none]
[debug] [2023-06-22T15:05:07.843Z] >>> [apiv2][body] POST https://firebasehosting.googleapis.com/v1beta1/projects/-/sites/church-e98c4/versions {"status":"CREATED","labels":{"deployment-tool":"cli-firebase"}}
[debug] [2023-06-22T15:05:10.706Z] <<< [apiv2][status] POST https://firebasehosting.googleapis.com/v1beta1/projects/-/sites/church-e98c4/versions 200
[debug] [2023-06-22T15:05:10.706Z] <<< [apiv2][body] POST https://firebasehosting.googleapis.com/v1beta1/projects/-/sites/church-e98c4/versions {"name":"projects/671058706281/sites/church-e98c4/versions/2637bdefdb93d7af","status":"CREATED","config":{},"labels":{"deployment-tool":"cli-firebase"}}
[info] i  hosting[church-e98c4]: beginning deploy... 
[info] i  hosting[church-e98c4]: found 13 files in build 
[debug] [2023-06-22T15:05:10.774Z] [hosting] uploading with 200 concurrency
[debug] [2023-06-22T15:05:10.891Z] [hosting] hash cache [YnVpbGQ] stored for 13 files
[debug] [2023-06-22T15:05:10.901Z] [hosting][hash queue][FINAL] {"max":44,"min":2,"avg":2,"active":0,"complete":13,"success":13,"errored":0,"retried":0,"total":13,"elapsed":100}
[debug] [2023-06-22T15:05:10.902Z] >>> [apiv2][query] POST https://firebasehosting.googleapis.com/v1beta1/projects/671058706281/sites/church-e98c4/versions/2637bdefdb93d7af:populateFiles [none]
[debug] [2023-06-22T15:05:10.903Z] >>> [apiv2][body] POST https://firebasehosting.googleapis.com/v1beta1/projects/671058706281/sites/church-e98c4/versions/2637bdefdb93d7af:populateFiles {"files":{"/favicon.ico":"eae62e993eb980ec8a25058c39d5a51feab118bd2100c4deebb2a9c158ec11f9","/logo192.png":"3ee59515172ee198f3be375979df15ac5345183e656720a381b8872b2a39dc8b","/logo512.png":"ee7e2f3fdb8209c4b6fd7bef6ba50d1b9dba30a25bb5c3126df057e1cb6f5331","/manifest.json":"aff3449bdc238776f5d6d967f19ec491b36aed5fb7f23ccff6500736fd58494a","/robots.txt":"bfe106a3fb878dc83461c86818bf74fc1bdc7f28538ba613cd3e775516ce8b49","/index.html":"545868dab704f4130c2b38185914bcd530bee320f119cde82460c2d2fd5e597e","/asset-manifest.json":"241637e912e6a9f415f318c6be7cbb792f81bc06da9ab4910e9ccd3d4a35fa93","/static/css/main.0bf075ee.css.map":"ae01f0dc197416dd848a95e5758f5a302c8faa4bede4410b8bcd42e9e731dfdb","/static/css/main.0bf075ee.css":"bdf812c3d1ab1ee5a4f5878a1b47cc957734fef059a831bea3ef503f149f5a3e","/static/js/main.fd046626.js.LICENSE.txt":"3949b6bff9065605e92a384fdd90fdb0d14b990fcf8eda5446aaf32f2387d6c3","/static/js/main.fd046626.js":"85eaf1ca3da65cce13aada688c9ea6d2bc7ac1a0d5602ef8cb96f9e670762373","/static/js/main.fd046626.js.map":"5d4f2f591995090b5413a37f00b6b7bbea6f325387a70f74c39c192c5dd072f9","/static/media/meals.940760f3594bfaac5cfa.jpg":"718ec577be0dd7e55a89965f66610ff309494beceee63834c8d3868d6b835d23"}}
[debug] [2023-06-22T15:05:13.187Z] <<< [apiv2][status] POST https://firebasehosting.googleapis.com/v1beta1/projects/671058706281/sites/church-e98c4/versions/2637bdefdb93d7af:populateFiles 200
[debug] [2023-06-22T15:05:13.188Z] <<< [apiv2][body] POST https://firebasehosting.googleapis.com/v1beta1/projects/671058706281/sites/church-e98c4/versions/2637bdefdb93d7af:populateFiles {"uploadUrl":"https://upload-firebasehosting.googleapis.com/upload/sites/church-e98c4/versions/2637bdefdb93d7af/files"}
[debug] [2023-06-22T15:05:13.189Z] [hosting][populate queue][FINAL] {"max":2341,"min":2341,"avg":2341,"active":0,"complete":1,"success":1,"errored":0,"retried":0,"total":1,"elapsed":2342}
[debug] [2023-06-22T15:05:13.194Z] [hosting] uploads queued: 0
[debug] [2023-06-22T15:05:13.195Z] [hosting][upload queue][FINAL] {"max":0,"min":9999999999,"avg":0,"active":0,"complete":0,"success":0,"errored":0,"retried":0,"total":0,"elapsed":1687446313195}
[info] +  hosting[church-e98c4]: file upload complete 
[debug] [2023-06-22T15:05:13.215Z] [hosting] deploy completed after 2497ms
[debug] [2023-06-22T15:05:13.232Z] [
  {
    "config": {
      "public": "build",
      "ignore": [
        "firebase.json",
        "**/.*",
        "**/node_modules/**"
      ],
      "rewrites": [
        {
          "source": "**",
          "destination": "/index.html"
        }
      ],
      "site": "church-e98c4"
    },
    "version": "projects/671058706281/sites/church-e98c4/versions/2637bdefdb93d7af"
  }
]
[info] i  hosting[church-e98c4]: finalizing version... 
[debug] [2023-06-22T15:05:13.262Z] >>> [apiv2][query] PATCH https://firebasehosting.googleapis.com/v1beta1/projects/-/sites/church-e98c4/versions/2637bdefdb93d7af updateMask=status%2Cconfig
[debug] [2023-06-22T15:05:13.263Z] >>> [apiv2][body] PATCH https://firebasehosting.googleapis.com/v1beta1/projects/-/sites/church-e98c4/versions/2637bdefdb93d7af {"status":"FINALIZED","config":{"rewrites":[{"glob":"**","path":"/index.html"}]}}
[debug] [2023-06-22T15:05:15.942Z] <<< [apiv2][status] PATCH https://firebasehosting.googleapis.com/v1beta1/projects/-/sites/church-e98c4/versions/2637bdefdb93d7af 200
[debug] [2023-06-22T15:05:15.943Z] <<< [apiv2][body] PATCH https://firebasehosting.googleapis.com/v1beta1/projects/-/sites/church-e98c4/versions/2637bdefdb93d7af {"name":"projects/671058706281/sites/church-e98c4/versions/2637bdefdb93d7af","status":"FINALIZED","config":{"rewrites":[{"glob":"**","path":"/index.html"}]},"labels":{"deployment-tool":"cli-firebase"},"createTime":"2023-06-22T15:05:10.206797Z","createUser":{"email":"thabo.radebe.thabo@gmail.com"},"finalizeTime":"2023-06-22T15:05:15.551070Z","finalizeUser":{"email":"thabo.radebe.thabo@gmail.com"}}
[debug] [2023-06-22T15:05:15.944Z] [hosting] finalized version for church-e98c4:[object Object]
[info] +  hosting[church-e98c4]: version finalized 
[info] i  hosting[church-e98c4]: releasing new version... 
[debug] [2023-06-22T15:05:15.954Z] >>> [apiv2][query] POST https://firebasehosting.googleapis.com/v1beta1/projects/-/sites/church-e98c4/channels/live/releases versionName=projects%2F671058706281%2Fsites%2Fchurch-e98c4%2Fversions%2F2637bdefdb93d7af
[debug] [2023-06-22T15:05:15.955Z] >>> [apiv2][body] POST https://firebasehosting.googleapis.com/v1beta1/projects/-/sites/church-e98c4/channels/live/releases {}
